FILE_TYPE=LIBRARY_PARTS;
PRIMITIVE 'ATFC_0201HQ_2N0B_T','ATFC_0201HQ_2N0B_T_Inductors Chip';
  PIN
    '1':
      PIN_NUMBER='(1)';
      NO_LOAD_CHECK=BOTH;
      NO_IO_CHECK=BOTH;
      ALLOW_CONNECT=TRUE;
      PINUSE='UNSPEC';
    '2':
      PIN_NUMBER='(2)';
      NO_LOAD_CHECK=BOTH;
      NO_IO_CHECK=BOTH;
      ALLOW_CONNECT=TRUE;
      PINUSE='UNSPEC';
  END_PIN;
  BODY
    PART_NAME='ATFC_0201HQ_2N0B_T';
    PHYS_DES_PREFIX='L';
    NO_LOAD_CHECK='TRUE';
    PIN_COUNT='2';
    BODY_NAME='ATFC_0201HQ_2N0B_T';
    JEDEC_TYPE='INDC0603X28N';
  END_BODY;
END_PRIMITIVE;
END.
