FILE_TYPE=LIBRARY_PARTS;
PRIMITIVE 'AIMC_0603_2N7S_T','AIMC_0603_2N7S_T_Inductors Chip';
  PIN
    '1':
      PIN_NUMBER='(1)';
      NO_LOAD_CHECK=BOTH;
      NO_IO_CHECK=BOTH;
      ALLOW_CONNECT=TRUE;
      PINUSE='UNSPEC';
    '2':
      PIN_NUMBER='(2)';
      NO_LOAD_CHECK=BOTH;
      NO_IO_CHECK=BOTH;
      ALLOW_CONNECT=TRUE;
      PINUSE='UNSPEC';
  END_PIN;
  BODY
    PART_NAME='AIMC_0603_2N7S_T';
    PHYS_DES_PREFIX='L';
    NO_LOAD_CHECK='TRUE';
    PIN_COUNT='2';
    BODY_NAME='AIMC_0603_2N7S_T';
    JEDEC_TYPE='INDC1608X95N';
  END_BODY;
END_PRIMITIVE;
END.
